<?xml version="1.0" encoding="UTF-8"?>
<!-- Generated by org.testng.reporters.JUnitXMLReporter -->
<testsuite hostname="Maghifox" ignored="0" name="Surefire test" tests="6" failures="0" timestamp="2022-08-25T00:07:05 ICT" time="40.599" errors="0">
  <testcase name="addToCart" time="0.007" classname="tests.AddToCartTest"/>
  <testcase name="addToWishlist" time="0.0" classname="tests.AddToWishlistTest"/>
  <testcase name="laptopCategory" time="0.0" classname="tests.LaptopCategoryTest"/>
  <testcase name="login" time="5.031" classname="tests.LoginTest"/>
  <testcase name="login" time="14.19" classname="tests.LoginTest"/>
  <testcase name="productDetail" time="0.0" classname="tests.ProductDetailTest"/>
</testsuite> <!-- Surefire test -->
