<?xml version="1.0" encoding="UTF-8"?>
<!-- Generated by org.testng.reporters.JUnitXMLReporter -->
<testsuite hostname="Maghifox" ignored="0" name="Test" tests="6" failures="0" timestamp="2022-08-25T00:59:16 ICT" time="30.624" errors="0">
  <testcase name="addToWishlist" time="0.014" classname="tests.AddToWishlistTest"/>
  <testcase name="addToCart" time="0.001" classname="tests.AddToCartTest"/>
  <testcase name="laptopCategory" time="0.002" classname="tests.LaptopCategoryTest"/>
  <testcase name="login" time="4.814" classname="tests.LoginTest"/>
  <testcase name="login" time="14.176" classname="tests.LoginTest"/>
  <testcase name="productDetail" time="0.001" classname="tests.ProductDetailTest"/>
</testsuite> <!-- Test -->
