<?xml version="1.0" encoding="UTF-8"?>
<testng-results skipped="0" failed="0" ignored="0" total="1" passed="1">
  <reporter-output>
  </reporter-output>
  <suite name="Suite" duration-ms="12653" started-at="2022-08-25T04:03:52 ICT" finished-at="2022-08-25T04:04:04 ICT">
    <groups>
      <group name="cucumber">
        <method signature="AbstractTestNGCucumberTests.runScenario(io.cucumber.testng.PickleWrapper,io.cucumber.testng.FeatureWrapper)[pri:0, instance:runner.Runner@1e4a7dd4]" name="runScenario" class="io.cucumber.testng.AbstractTestNGCucumberTests"/>
      </group> <!-- cucumber -->
    </groups>
    <test name="LoginTest" duration-ms="12653" started-at="2022-08-25T04:03:52 ICT" finished-at="2022-08-25T04:04:04 ICT">
      <class name="runner.Runner">
        <test-method status="PASS" signature="setUpClass(org.testng.ITestContext)[pri:0, instance:runner.Runner@1e4a7dd4]" name="setUpClass" is-config="true" duration-ms="404" started-at="2022-08-25T04:03:52 ICT" finished-at="2022-08-25T04:03:52 ICT">
          <params>
            <param index="0">
              <value>
                <![CDATA[org.testng.TestRunner@2042ccce]]>
              </value>
            </param>
          </params>
          <reporter-output>
          </reporter-output>
        </test-method> <!-- setUpClass -->
        <test-method status="PASS" signature="runScenario(io.cucumber.testng.PickleWrapper,io.cucumber.testng.FeatureWrapper)[pri:0, instance:runner.Runner@1e4a7dd4]" name="runScenario" duration-ms="12178" started-at="2022-08-25T04:03:52 ICT" description="Runs Cucumber Scenarios" data-provider="scenarios" finished-at="2022-08-25T04:04:04 ICT">
          <params>
            <param index="0">
              <value>
                <![CDATA["Login with valid credentials"]]>
              </value>
            </param>
            <param index="1">
              <value>
                <![CDATA["Application Login"]]>
              </value>
            </param>
          </params>
          <reporter-output>
          </reporter-output>
        </test-method> <!-- runScenario -->
        <test-method status="PASS" signature="tearDownClass()[pri:0, instance:runner.Runner@1e4a7dd4]" name="tearDownClass" is-config="true" duration-ms="17" started-at="2022-08-25T04:04:04 ICT" finished-at="2022-08-25T04:04:04 ICT">
          <reporter-output>
          </reporter-output>
        </test-method> <!-- tearDownClass -->
      </class> <!-- runner.Runner -->
    </test> <!-- LoginTest -->
  </suite> <!-- Suite -->
</testng-results>
